# JRE version: Java(TM) SE Runtime Environment (8.0_241-b07) (build 1.8.0_241-b07)
# Java VM: Java HotSpot(TM) 64-Bit Server VM (25.241-b07 mixed mode windows-amd64 compressed oops)
Heap:
 PSYoungGen      total 1383936K, used 851583K [0x000000076b380000, 0x00000007bff00000, 0x00000007c0000000)
  eden space 1379840K, 61% used [0x000000076b380000,0x000000079f2cfcc0,0x00000007bf700000)
  from space 4096K, 7% used [0x00000007bf700000,0x00000007bf750000,0x00000007bfb00000)
  to   space 3584K, 0% used [0x00000007bfb80000,0x00000007bfb80000,0x00000007bff00000)
 ParOldGen       total 393216K, used 149265K [0x00000006c1a00000, 0x00000006d9a00000, 0x000000076b380000)
  object space 393216K, 37% used [0x00000006c1a00000,0x00000006cabc4548,0x00000006d9a00000)
 Metaspace       used 51702K, capacity 54056K, committed 54488K, reserved 1095680K
  class space    used 6395K, capacity 7330K, committed 7424K, reserved 1048576K
GC Heap History (10 events):
Event: 966.165 GC heap before
{Heap before GC invocations=86 (full 3):
 PSYoungGen      total 1383424K, used 1378816K [0x000000076b380000, 0x00000007c0000000, 0x00000007c0000000)
  eden space 1378304K, 100% used [0x000000076b380000,0x00000007bf580000,0x00000007bf580000)
  from space 5120K, 10% used [0x00000007bfa00000,0x00000007bfa80000,0x00000007bff00000)
  to   space 4608K, 0% used [0x00000007bf580000,0x00000007bf580000,0x00000007bfa00000)
 ParOldGen       total 393216K, used 149113K [0x00000006c1a00000, 0x00000006d9a00000, 0x000000076b380000)
  object space 393216K, 37% used [0x00000006c1a00000,0x00000006cab9e548,0x00000006d9a00000)
 Metaspace       used 51622K, capacity 53928K, committed 54232K, reserved 1095680K
  class space    used 6394K, capacity 7330K, committed 7424K, reserved 1048576K
Event: 966.166 GC heap after
Heap after GC invocations=86 (full 3):
 PSYoungGen      total 1382912K, used 288K [0x000000076b380000, 0x00000007bff80000, 0x00000007c0000000)
  eden space 1378304K, 0% used [0x000000076b380000,0x000000076b380000,0x00000007bf580000)
  from space 4608K, 6% used [0x00000007bf580000,0x00000007bf5c8000,0x00000007bfa00000)
  to   space 4608K, 0% used [0x00000007bfb00000,0x00000007bfb00000,0x00000007bff80000)
 ParOldGen       total 393216K, used 149145K [0x00000006c1a00000, 0x00000006d9a00000, 0x000000076b380000)
  object space 393216K, 37% used [0x00000006c1a00000,0x00000006caba6548,0x00000006d9a00000)
 Metaspace       used 51622K, capacity 53928K, committed 54232K, reserved 1095680K
  class space    used 6394K, capacity 7330K, committed 7424K, reserved 1048576K
}
Event: 966.179 GC heap before
{Heap before GC invocations=87 (full 3):
 PSYoungGen      total 1382912K, used 1378592K [0x000000076b380000, 0x00000007bff80000, 0x00000007c0000000)
  eden space 1378304K, 100% used [0x000000076b380000,0x00000007bf580000,0x00000007bf580000)
  from space 4608K, 6% used [0x00000007bf580000,0x00000007bf5c8000,0x00000007bfa00000)
  to   space 4608K, 0% used [0x00000007bfb00000,0x00000007bfb00000,0x00000007bff80000)
 ParOldGen       total 393216K, used 149145K [0x00000006c1a00000, 0x00000006d9a00000, 0x000000076b380000)
  object space 393216K, 37% used [0x00000006c1a00000,0x00000006caba6548,0x00000006d9a00000)
 Metaspace       used 51622K, capacity 53928K, committed 54232K, reserved 1095680K
  class space    used 6394K, capacity 7330K, committed 7424K, reserved 1048576K
Event: 966.181 GC heap after
Heap after GC invocations=87 (full 3):
 PSYoungGen      total 1383936K, used 288K [0x000000076b380000, 0x00000007c0000000, 0x00000007c0000000)
  eden space 1379328K, 0% used [0x000000076b380000,0x000000076b380000,0x00000007bf680000)
  from space 4608K, 6% used [0x00000007bfb00000,0x00000007bfb48000,0x00000007bff80000)
  to   space 4608K, 0% used [0x00000007bf680000,0x00000007bf680000,0x00000007bfb00000)
 ParOldGen       total 393216K, used 149177K [0x00000006c1a00000, 0x00000006d9a00000, 0x000000076b380000)
  object space 393216K, 37% used [0x00000006c1a00000,0x00000006cabae548,0x00000006d9a00000)
 Metaspace       used 51622K, capacity 53928K, committed 54232K, reserved 1095680K
  class space    used 6394K, capacity 7330K, committed 7424K, reserved 1048576K
}
Event: 966.194 GC heap before
{Heap before GC invocations=88 (full 3):
 PSYoungGen      total 1383936K, used 1379616K [0x000000076b380000, 0x00000007c0000000, 0x00000007c0000000)
  eden space 1379328K, 100% used [0x000000076b380000,0x00000007bf680000,0x00000007bf680000)
  from space 4608K, 6% used [0x00000007bfb00000,0x00000007bfb48000,0x00000007bff80000)
  to   space 4608K, 0% used [0x00000007bf680000,0x00000007bf680000,0x00000007bfb00000)
 ParOldGen       total 393216K, used 149177K [0x00000006c1a00000, 0x00000006d9a00000, 0x000000076b380000)
  object space 393216K, 37% used [0x00000006c1a00000,0x00000006cabae548,0x00000006d9a00000)
 Metaspace       used 51622K, capacity 53928K, committed 54232K, reserved 1095680K
  class space    used 6394K, capacity 7330K, committed 7424K, reserved 1048576K
Event: 966.196 GC heap after
Heap after GC invocations=88 (full 3):
 PSYoungGen      total 1383936K, used 256K [0x000000076b380000, 0x00000007bff00000, 0x00000007c0000000)
  eden space 1379328K, 0% used [0x000000076b380000,0x000000076b380000,0x00000007bf680000)
  from space 4608K, 5% used [0x00000007bf680000,0x00000007bf6c0000,0x00000007bfb00000)
  to   space 4096K, 0% used [0x00000007bfb00000,0x00000007bfb00000,0x00000007bff00000)
 ParOldGen       total 393216K, used 149201K [0x00000006c1a00000, 0x00000006d9a00000, 0x000000076b380000)
  object space 393216K, 37% used [0x00000006c1a00000,0x00000006cabb4548,0x00000006d9a00000)
 Metaspace       used 51622K, capacity 53928K, committed 54232K, reserved 1095680K
  class space    used 6394K, capacity 7330K, committed 7424K, reserved 1048576K
}
Event: 966.210 GC heap before
{Heap before GC invocations=89 (full 3):
 PSYoungGen      total 1383936K, used 1379584K [0x000000076b380000, 0x00000007bff00000, 0x00000007c0000000)
  eden space 1379328K, 100% used [0x000000076b380000,0x00000007bf680000,0x00000007bf680000)
  from space 4608K, 5% used [0x00000007bf680000,0x00000007bf6c0000,0x00000007bfb00000)
  to   space 4096K, 0% used [0x00000007bfb00000,0x00000007bfb00000,0x00000007bff00000)
 ParOldGen       total 393216K, used 149201K [0x00000006c1a00000, 0x00000006d9a00000, 0x000000076b380000)
  object space 393216K, 37% used [0x00000006c1a00000,0x00000006cabb4548,0x00000006d9a00000)
 Metaspace       used 51622K, capacity 53928K, committed 54232K, reserved 1095680K
  class space    used 6394K, capacity 7330K, committed 7424K, reserved 1048576K
Event: 966.212 GC heap after
Heap after GC invocations=89 (full 3):
 PSYoungGen      total 1383936K, used 320K [0x000000076b380000, 0x00000007bff80000, 0x00000007c0000000)
  eden space 1379840K, 0% used [0x000000076b380000,0x000000076b380000,0x00000007bf700000)
  from space 4096K, 7% used [0x00000007bfb00000,0x00000007bfb50000,0x00000007bff00000)
  to   space 4096K, 0% used [0x00000007bf700000,0x00000007bf700000,0x00000007bfb00000)
 ParOldGen       total 393216K, used 149233K [0x00000006c1a00000, 0x00000006d9a00000, 0x000000076b380000)
  object space 393216K, 37% used [0x00000006c1a00000,0x00000006cabbc548,0x00000006d9a00000)
 Metaspace       used 51622K, capacity 53928K, committed 54232K, reserved 1095680K
  class space    used 6394K, capacity 7330K, committed 7424K, reserved 1048576K
}
Event: 966.227 GC heap before
{Heap before GC invocations=90 (full 3):
 PSYoungGen      total 1383936K, used 1380160K [0x000000076b380000, 0x00000007bff80000, 0x00000007c0000000)
  eden space 1379840K, 100% used [0x000000076b380000,0x00000007bf700000,0x00000007bf700000)
  from space 4096K, 7% used [0x00000007bfb00000,0x00000007bfb50000,0x00000007bff00000)
  to   space 4096K, 0% used [0x00000007bf700000,0x00000007bf700000,0x00000007bfb00000)
 ParOldGen       total 393216K, used 149233K [0x00000006c1a00000, 0x00000006d9a00000, 0x000000076b380000)
  object space 393216K, 37% used [0x00000006c1a00000,0x00000006cabbc548,0x00000006d9a00000)
 Metaspace       used 51622K, capacity 53928K, committed 54232K, reserved 1095680K
  class space    used 6394K, capacity 7330K, committed 7424K, reserved 1048576K
Event: 966.229 GC heap after
Heap after GC invocations=90 (full 3):
 PSYoungGen      total 1383936K, used 320K [0x000000076b380000, 0x00000007bff00000, 0x00000007c0000000)
  eden space 1379840K, 0% used [0x000000076b380000,0x000000076b380000,0x00000007bf700000)
  from space 4096K, 7% used [0x00000007bf700000,0x00000007bf750000,0x00000007bfb00000)
  to   space 3584K, 0% used [0x00000007bfb80000,0x00000007bfb80000,0x00000007bff00000)
 ParOldGen       total 393216K, used 149265K [0x00000006c1a00000, 0x00000006d9a00000, 0x000000076b380000)
  object space 393216K, 37% used [0x00000006c1a00000,0x00000006cabc4548,0x00000006d9a00000)
 Metaspace       used 51622K, capacity 53928K, committed 54232K, reserved 1095680K
  class space    used 6394K, capacity 7330K, committed 7424K, reserved 1048576K
}

